[2026-03-30 12:37:14] 🔷 Starte Umstrukturierung der Projektwurzel für SkyForge
[2026-03-30 12:37:14] Verzeichnis gewechselt zu: /Users/rudi/Projects/SkyForge
[2026-03-30 12:37:14] ⚠️  Uncommittete Änderungen gefunden. Bitte committen oder stashen. Abbruch.
?? PROJECT_CONTEXT.md.bak_2026-03-30
?? scripts/
?? src/SkyForge/Assets/Scenes/MeineScene.unity
?? src/SkyForge/Assets/Scenes/MeineScene.unity.meta
[2026-03-30 12:40:26] 🔷 Starte Umstrukturierung der Projektwurzel für SkyForge
[2026-03-30 12:40:26] Verzeichnis gewechselt zu: /Users/rudi/Projects/SkyForge
[2026-03-30 12:40:26] ⚠️  Uncommittete Änderungen gefunden. Bitte committen oder stashen. Abbruch.
?? PROJECT_CONTEXT.md.bak_2026-03-30
?? scripts/fix-project-root.log
?? src/SkyForge/Assets/Scenes/MeineScene.unity
?? src/SkyForge/Assets/Scenes/MeineScene.unity.meta
[2026-03-30 12:40:42] 🔷 Starte Umstrukturierung der Projektwurzel für SkyForge
[2026-03-30 12:40:42] Verzeichnis gewechselt zu: /Users/rudi/Projects/SkyForge
[2026-03-30 12:44:46] 🔷 Starte Umstrukturierung der Projektwurzel für SkyForge
[2026-03-30 12:44:46] Verzeichnis gewechselt zu: /Users/rudi/Projects/SkyForge
[2026-03-30 12:44:48] 🔷 Starte Umstrukturierung der Projektwurzel für SkyForge
[2026-03-30 12:44:48] Verzeichnis gewechselt zu: /Users/rudi/Projects/SkyForge
